[debug] [2023-06-09T19:42:34.672Z] ----------------------------------------------------------------------
[debug] [2023-06-09T19:42:34.673Z] Command:       /usr/local/bin/node /usr/local/bin/firebase init
[debug] [2023-06-09T19:42:34.673Z] CLI Version:   12.3.1
[debug] [2023-06-09T19:42:34.674Z] Platform:      darwin
[debug] [2023-06-09T19:42:34.674Z] Node Version:  v18.16.0
[debug] [2023-06-09T19:42:34.676Z] Time:          Fri Jun 09 2023 21:42:34 GMT+0200 (Central European Summer Time)
[debug] [2023-06-09T19:42:34.676Z] ----------------------------------------------------------------------
[debug] 
[debug] [2023-06-09T19:42:34.679Z] > command requires scopes: ["email","openid","https://www.googleapis.com/auth/cloudplatformprojects.readonly","https://www.googleapis.com/auth/firebase","https://www.googleapis.com/auth/cloud-platform"]
[debug] [2023-06-09T19:42:34.680Z] > authorizing via signed-in user (adam.kundracik@the-software.sk)
[info] 
     ######## #### ########  ######## ########     ###     ######  ########
     ##        ##  ##     ## ##       ##     ##  ##   ##  ##       ##
     ######    ##  ########  ######   ########  #########  ######  ######
     ##        ##  ##    ##  ##       ##     ## ##     ##       ## ##
     ##       #### ##     ## ######## ########  ##     ##  ######  ########

You're about to initialize a Firebase project in this directory:

  /Users/adam/WebstormProjects/to-do-app

[info] 
=== Project Setup
[info] 
[info] First, let's associate this project directory with a Firebase project.
[info] You can create multiple project aliases by running firebase use --add, 
[info] but for now we'll just set up a default project.
[info] 
[debug] [2023-06-09T19:43:30.418Z] > refreshing access token with scopes: []
[debug] [2023-06-09T19:43:30.421Z] >>> [apiv2][query] POST https://www.googleapis.com/oauth2/v3/token [none]
[debug] [2023-06-09T19:43:30.421Z] >>> [apiv2][body] POST https://www.googleapis.com/oauth2/v3/token [omitted]
[debug] [2023-06-09T19:43:31.005Z] <<< [apiv2][status] POST https://www.googleapis.com/oauth2/v3/token 400
[debug] [2023-06-09T19:43:31.005Z] <<< [apiv2][body] POST https://www.googleapis.com/oauth2/v3/token [omitted]
[debug] [2023-06-09T19:43:31.006Z] >>> [apiv2][query] GET https://firebase.googleapis.com/v1beta1/projects pageSize=100
[debug] [2023-06-09T19:43:31.657Z] <<< [apiv2][status] GET https://firebase.googleapis.com/v1beta1/projects 401
[debug] [2023-06-09T19:43:31.658Z] <<< [apiv2][body] GET https://firebase.googleapis.com/v1beta1/projects [omitted]
[debug] [2023-06-09T19:43:31.659Z] HTTP Error: 401, Request had invalid authentication credentials. Expected OAuth 2 access token, login cookie or other valid authentication credential. See https://developers.google.com/identity/sign-in/web/devconsole-project.
[debug] [2023-06-09T19:43:31.661Z] FirebaseError: HTTP Error: 401, Request had invalid authentication credentials. Expected OAuth 2 access token, login cookie or other valid authentication credential. See https://developers.google.com/identity/sign-in/web/devconsole-project.
    at responseToError (/usr/local/lib/node_modules/firebase-tools/lib/responseToError.js:49:12)
    at RetryOperation._fn (/usr/local/lib/node_modules/firebase-tools/lib/apiv2.js:288:77)
    at process.processTicksAndRejections (node:internal/process/task_queues:95:5)
[error] 
[error] Error: Failed to list Firebase projects. See firebase-debug.log for more info.
